<?xml version="1.0" encoding="UTF-8"?>
<!-- Generated by org.testng.reporters.JUnitXMLReporter -->
<testsuite ignored="0" hostname="Nikhil" failures="0" tests="2" name="Default test" time="12.237" errors="0" timestamp="2024-03-04T21:58:23 IST">
  <testcase classname="com.yourstore.testscripts.AccountRegistraionTest" name="verifyRegisteringAccountByProvidingAllFields" time="1.474"/>
  <testcase classname="com.yourstore.testscripts.AccountRegistraionTest" name="verifyRegisteringAccountByProvidingAllFields" time="1.406"/>
</testsuite> <!-- Default test -->
