<?xml version="1.0" encoding="UTF-8"?>
<testng-results ignored="0" total="2" passed="2" failed="0" skipped="0">
  <reporter-output>
  </reporter-output>
  <suite started-at="2024-03-04T21:58:10 IST" name="Default suite" finished-at="2024-03-04T21:58:23 IST" duration-ms="12237">
    <groups>
    </groups>
    <test started-at="2024-03-04T21:58:10 IST" name="Default test" finished-at="2024-03-04T21:58:23 IST" duration-ms="12237">
      <class name="com.yourstore.testscripts.AccountRegistraionTest">
        <test-method is-config="true" signature="setup()[pri:0, instance:com.yourstore.testscripts.AccountRegistraionTest@245b4bdc]" started-at="2024-03-04T21:58:12 IST" name="setup" finished-at="2024-03-04T21:58:17 IST" duration-ms="5555" status="PASS">
          <reporter-output>
          </reporter-output>
        </test-method> <!-- setup -->
        <test-method signature="verifyRegisteringAccountByProvidingAllFields(java.lang.String,java.lang.String,java.lang.String,java.lang.String,java.lang.String)[pri:0, instance:com.yourstore.testscripts.AccountRegistraionTest@245b4bdc]" started-at="2024-03-04T21:58:17 IST" name="verifyRegisteringAccountByProvidingAllFields" data-provider="registerData" finished-at="2024-03-04T21:58:19 IST" duration-ms="1474" status="PASS">
          <params>
            <param index="0">
              <value>
                <![CDATA[Aksahy ]]>
              </value>
            </param>
            <param index="1">
              <value>
                <![CDATA[Sonawane]]>
              </value>
            </param>
            <param index="2">
              <value>
                <![CDATA[akshayson@123gmail.com]]>
              </value>
            </param>
            <param index="3">
              <value>
                <![CDATA[2147483647]]>
              </value>
            </param>
            <param index="4">
              <value>
                <![CDATA[System123#]]>
              </value>
            </param>
          </params>
          <reporter-output>
          </reporter-output>
        </test-method> <!-- verifyRegisteringAccountByProvidingAllFields -->
        <test-method is-config="true" signature="setup()[pri:0, instance:com.yourstore.testscripts.AccountRegistraionTest@245b4bdc]" started-at="2024-03-04T21:58:19 IST" name="setup" finished-at="2024-03-04T21:58:21 IST" duration-ms="2578" status="PASS">
          <reporter-output>
          </reporter-output>
        </test-method> <!-- setup -->
        <test-method signature="verifyRegisteringAccountByProvidingAllFields(java.lang.String,java.lang.String,java.lang.String,java.lang.String,java.lang.String)[pri:0, instance:com.yourstore.testscripts.AccountRegistraionTest@245b4bdc]" started-at="2024-03-04T21:58:21 IST" name="verifyRegisteringAccountByProvidingAllFields" data-provider="registerData" finished-at="2024-03-04T21:58:23 IST" duration-ms="1406" status="PASS">
          <params>
            <param index="0">
              <value>
                <![CDATA[Nikhil]]>
              </value>
            </param>
            <param index="1">
              <value>
                <![CDATA[Gaikwad]]>
              </value>
            </param>
            <param index="2">
              <value>
                <![CDATA[nikhil@123gmail.com]]>
              </value>
            </param>
            <param index="3">
              <value>
                <![CDATA[2147483647]]>
              </value>
            </param>
            <param index="4">
              <value>
                <![CDATA[Supervisro44]]>
              </value>
            </param>
          </params>
          <reporter-output>
          </reporter-output>
        </test-method> <!-- verifyRegisteringAccountByProvidingAllFields -->
      </class> <!-- com.yourstore.testscripts.AccountRegistraionTest -->
    </test> <!-- Default test -->
  </suite> <!-- Default suite -->
</testng-results>
